Compiling the C compiler identification source file "CMakeCCompilerId.c" failed.
Compiler: /usr/bin/cc 
Build flags: -DOSSECHIDS;-DUSER="wazuh";-DGROUPGLOBAL="wazuh";-DLinux;-DINOTIFY_ENABLED;-D_XOPEN_SOURCE=600;-D_GNU_SOURCE;-DIMAGE_TRUST_CHECKS=1;-DCA_NAME='DigiCert;Assured;ID;Root;CA';-DENABLE_SYSC;-DENABLE_CISCAT;-DENABLE_AUDIT;-pipe;-Wall;-Wextra;-std=gnu99
Id flags:  

The output was:
1
cc: error: Assured: No such file or directory
cc: error: ID: No such file or directory
cc: error: Root: No such file or directory
cc: error: CA': No such file or directory


Compiling the C compiler identification source file "CMakeCCompilerId.c" failed.
Compiler: /usr/bin/cc 
Build flags: -DOSSECHIDS;-DUSER="wazuh";-DGROUPGLOBAL="wazuh";-DLinux;-DINOTIFY_ENABLED;-D_XOPEN_SOURCE=600;-D_GNU_SOURCE;-DIMAGE_TRUST_CHECKS=1;-DCA_NAME='DigiCert;Assured;ID;Root;CA';-DENABLE_SYSC;-DENABLE_CISCAT;-DENABLE_AUDIT;-pipe;-Wall;-Wextra;-std=gnu99
Id flags: -c 

The output was:
1
cc: error: Assured: No such file or directory
cc: error: ID: No such file or directory
cc: error: Root: No such file or directory
cc: error: CA': No such file or directory


Compiling the C compiler identification source file "CMakeCCompilerId.c" failed.
Compiler: /usr/bin/cc 
Build flags: -DOSSECHIDS;-DUSER="wazuh";-DGROUPGLOBAL="wazuh";-DLinux;-DINOTIFY_ENABLED;-D_XOPEN_SOURCE=600;-D_GNU_SOURCE;-DIMAGE_TRUST_CHECKS=1;-DCA_NAME='DigiCert;Assured;ID;Root;CA';-DENABLE_SYSC;-DENABLE_CISCAT;-DENABLE_AUDIT;-pipe;-Wall;-Wextra;-std=gnu99
Id flags: -Aa 

The output was:
1
cc: error: Assured: No such file or directory
cc: error: ID: No such file or directory
cc: error: Root: No such file or directory
cc: error: CA': No such file or directory


Compiling the C compiler identification source file "CMakeCCompilerId.c" failed.
Compiler: /usr/bin/cc 
Build flags: -DOSSECHIDS;-DUSER="wazuh";-DGROUPGLOBAL="wazuh";-DLinux;-DINOTIFY_ENABLED;-D_XOPEN_SOURCE=600;-D_GNU_SOURCE;-DIMAGE_TRUST_CHECKS=1;-DCA_NAME='DigiCert;Assured;ID;Root;CA';-DENABLE_SYSC;-DENABLE_CISCAT;-DENABLE_AUDIT;-pipe;-Wall;-Wextra;-std=gnu99
Id flags: -D__CLASSIC_C__ 

The output was:
1
cc: error: Assured: No such file or directory
cc: error: ID: No such file or directory
cc: error: Root: No such file or directory
cc: error: CA': No such file or directory


Compiling the C compiler identification source file "CMakeCCompilerId.c" failed.
Compiler: /usr/bin/cc 
Build flags: -DOSSECHIDS;-DUSER="wazuh";-DGROUPGLOBAL="wazuh";-DLinux;-DINOTIFY_ENABLED;-D_XOPEN_SOURCE=600;-D_GNU_SOURCE;-DIMAGE_TRUST_CHECKS=1;-DCA_NAME='DigiCert;Assured;ID;Root;CA';-DENABLE_SYSC;-DENABLE_CISCAT;-DENABLE_AUDIT;-pipe;-Wall;-Wextra;-std=gnu99
Id flags: --target=arm-arm-none-eabi;-mcpu=cortex-m3 

The output was:
1
cc: error: Assured: No such file or directory
cc: error: ID: No such file or directory
cc: error: Root: No such file or directory
cc: error: CA': No such file or directory
cc: warning: '-mcpu=' is deprecated; use '-mtune=' or '-march=' instead
cc: error: unrecognized command-line option '--target=arm-arm-none-eabi'


